<?xml version="1.0" encoding="UTF-8"?>
<testsuite xmlns:xsi="http://www.w3.org/2001/XMLSchema-instance" xsi:noNamespaceSchemaLocation="https://maven.apache.org/surefire/maven-surefire-plugin/xsd/surefire-test-report-3.0.xsd" version="3.0" name="TestSuite" time="20.672" tests="1" errors="0" skipped="0" failures="0">
  <properties>
[...]
</properties>
  <testcase name="TimeSpinner" classname="simplilearn.com.testng_appium.TimeSpinnerExample" time="9.73">
    <system-out><![CDATA[CenterButton text =1
CenterButton position X =160
CenterButton position Y =384
DownButton text =2
DownButton position X =160
DownButton position Y =441
StartY =441
endY =341
]]></system-out>
    <system-err><![CDATA[July 23, 2022 4:06:30 PM io.appium.java_client.remote.AppiumCommandExecutor$1 lambda$0
INFO: Detected dialect: W3C
]]></system-err>
  </testcase>
</testsuite>