<?xml version="1.0" encoding="UTF-8"?>
<testng-results ignored="0" total="1" passed="1" failed="0" skipped="0">
  <reporter-output>
  </reporter-output>
  <suite started-at="2022-07-23T16:06:20 AEST" name="Suite" finished-at="2022-07-23T16:06:41 AEST" duration-ms="20200">
    <groups>
    </groups>
    <test started-at="2022-07-23T16:06:20 AEST" name="Test" finished-at="2022-07-23T16:06:41 AEST" duration-ms="20200">
      <class name="simplilearn.com.testng_appium.TimeSpinnerExample">
        <test-method is-config="true" signature="setUp()[pri:0, instance:simplilearn.com.testng_appium.TimeSpinnerExample@1d8bd0de]" started-at="2022-07-23T16:06:20 AEST" name="setUp" finished-at="2022-07-23T16:06:30 AEST" duration-ms="9692" status="PASS">
          <reporter-output>
          </reporter-output>
        </test-method> <!-- setUp -->
        <test-method signature="TimeSpinner()[pri:0, instance:simplilearn.com.testng_appium.TimeSpinnerExample@1d8bd0de]" started-at="2022-07-23T16:06:30 AEST" name="TimeSpinner" finished-at="2022-07-23T16:06:40 AEST" duration-ms="9729" status="PASS">
          <reporter-output>
          </reporter-output>
        </test-method> <!-- TimeSpinner -->
        <test-method is-config="true" signature="tearDown()[pri:0, instance:simplilearn.com.testng_appium.TimeSpinnerExample@1d8bd0de]" started-at="2022-07-23T16:06:40 AEST" name="tearDown" finished-at="2022-07-23T16:06:41 AEST" duration-ms="741" status="PASS">
          <reporter-output>
          </reporter-output>
        </test-method> <!-- tearDown -->
      </class> <!-- simplilearn.com.testng_appium.TimeSpinnerExample -->
    </test> <!-- Test -->
  </suite> <!-- Suite -->
</testng-results>
